This is pdfTeX, Version 3.14159265-2.6-1.40.18 (TeX Live 2017/W32TeX) (preloaded format=pdflatex 2018.3.18)  3 JUL 2018 19:04
entering extended mode
 restricted \write18 enabled.
 %&-line parsing enabled.
**./modelo_utfpr.tex
(./modelo_utfpr.tex
LaTeX2e <2017-04-15>
Babel <3.18> and hyphenation patterns for 84 language(s) loaded.
(./normas-utf-tex.cls (./cvs-id.def)
Document Class: normas-utf-tex 2011/06/19 v2.0
(d:/texlive/2017/texmf-dist/tex/generic/babel/babel.sty
Package: babel 2018/02/14 3.18 The Babel package

(d:/texlive/2017/texmf-dist/tex/generic/babel/switch.def
File: switch.def 2018/02/14 3.18 Babel switching mechanism
)
(d:/texlive/2017/texmf-dist/tex/generic/babel-portuges/portuges.ldf
Language: portuges 2008/03/18 v1.2q Portuguese support from the babel system

(d:/texlive/2017/texmf-dist/tex/generic/babel/babel.def
File: babel.def 2018/02/14 3.18 Babel common definitions
\babel@savecnt=\count79
\U@D=\dimen102

(d:/texlive/2017/texmf-dist/tex/generic/babel/txtbabel.def)
\bbl@dirlevel=\count80
)
\l@brazil = a dialect from \language\l@portuges 
Package babel Info: Making " an active character on input line 145.
))
(d:/texlive/2017/texmf-dist/tex/latex/base/inputenc.sty
Package: inputenc 2015/03/17 v1.2c Input encoding file
\inpenc@prehook=\toks14
\inpenc@posthook=\toks15

(d:/texlive/2017/texmf-dist/tex/latex/base/latin1.def
File: latin1.def 2015/03/17 v1.2c Input encoding file
))
(d:/texlive/2017/texmf-dist/tex/latex/base/ifthen.sty
Package: ifthen 2014/09/29 v1.1c Standard LaTeX ifthen package (DPC)
)
(d:/texlive/2017/texmf-dist/tex/latex/lastpage/lastpage.sty
Package: lastpage 2015/03/29 v1.2m Refers to last page's name (HMM; JPG)
)
(d:/texlive/2017/texmf-dist/tex/latex/bigfoot/perpage.sty
Package: perpage 2014/10/25 2.0 Reset/sort counters per page
\c@abspage=\count81
)
(d:/texlive/2017/texmf-dist/tex/latex/fancyhdr/fancyhdr.sty
Package: fancyhdr 2017/06/30 v3.9a Extensive control of page headers and footer
s
\f@nch@headwidth=\skip41
\f@nch@O@elh=\skip42
\f@nch@O@erh=\skip43
\f@nch@O@olh=\skip44
\f@nch@O@orh=\skip45
\f@nch@O@elf=\skip46
\f@nch@O@erf=\skip47
\f@nch@O@olf=\skip48
\f@nch@O@orf=\skip49
)
(d:/texlive/2017/texmf-dist/tex/latex/xcolor/xcolor.sty
Package: xcolor 2016/05/11 v2.12 LaTeX color extensions (UK)

(d:/texlive/2017/texmf-dist/tex/latex/graphics-cfg/color.cfg
File: color.cfg 2016/01/02 v1.6 sample color configuration
)
Package xcolor Info: Driver file: pdftex.def on input line 225.

(d:/texlive/2017/texmf-dist/tex/latex/graphics-def/pdftex.def
File: pdftex.def 2018/01/08 v1.0l Graphics/color driver for pdftex
)
Package xcolor Info: Model `cmy' substituted by `cmy0' on input line 1348.
Package xcolor Info: Model `hsb' substituted by `rgb' on input line 1352.
Package xcolor Info: Model `RGB' extended on input line 1364.
Package xcolor Info: Model `HTML' substituted by `rgb' on input line 1366.
Package xcolor Info: Model `Hsb' substituted by `hsb' on input line 1367.
Package xcolor Info: Model `tHsb' substituted by `hsb' on input line 1368.
Package xcolor Info: Model `HSB' substituted by `hsb' on input line 1369.
Package xcolor Info: Model `Gray' substituted by `gray' on input line 1370.
Package xcolor Info: Model `wave' substituted by `hsb' on input line 1371.
) (./abnt.cls
(./cvs-id.def)
Document Class: abnt 2006/09/09 v1.32 Classe abnt (NBR6024, NBR6027, NBR6028, N
BR14724)
(d:/texlive/2017/texmf-dist/tex/latex/tools/calc.sty
Package: calc 2014/10/28 v4.3 Infix arithmetic (KKT,FJ)
\calc@Acount=\count82
\calc@Bcount=\count83
\calc@Adimen=\dimen103
\calc@Bdimen=\dimen104
\calc@Askip=\skip50
\calc@Bskip=\skip51
LaTeX Info: Redefining \setlength on input line 80.
LaTeX Info: Redefining \addtolength on input line 81.
\calc@Ccount=\count84
\calc@Cskip=\skip52
)
(d:/texlive/2017/texmf-dist/tex/latex/tools/multicol.sty
Package: multicol 2017/04/11 v1.8q multicolumn formatting (FMi)
\c@tracingmulticols=\count85
\mult@box=\box26
\multicol@leftmargin=\dimen105
\c@unbalance=\count86
\c@collectmore=\count87
\doublecol@number=\count88
\multicoltolerance=\count89
\multicolpretolerance=\count90
\full@width=\dimen106
\page@free=\dimen107
\premulticols=\dimen108
\postmulticols=\dimen109
\multicolsep=\skip53
\multicolbaselineskip=\skip54
\partial@page=\box27
\last@line=\box28
\maxbalancingoverflow=\dimen110
\mult@rightbox=\box29
\mult@grightbox=\box30
\mult@gfirstbox=\box31
\mult@firstbox=\box32
\@tempa=\box33
\@tempa=\box34
\@tempa=\box35
\@tempa=\box36
\@tempa=\box37
\@tempa=\box38
\@tempa=\box39
\@tempa=\box40
\@tempa=\box41
\@tempa=\box42
\@tempa=\box43
\@tempa=\box44
\@tempa=\box45
\@tempa=\box46
\@tempa=\box47
\@tempa=\box48
\@tempa=\box49
\c@columnbadness=\count91
\c@finalcolumnbadness=\count92
\last@try=\dimen111
\multicolovershoot=\dimen112
\multicolundershoot=\dimen113
\mult@nat@firstbox=\box50
\colbreak@box=\box51
\mc@col@check@num=\count93
) (./abntex-abrev.sty
(./cvs-id.def)
Package: abntex-abrev 2005/11/14 v1.4 Abreviacoes
 (./nbr10522-1988.def (./cvs-id.def)
File: nbr10522-1988.def 2003/10/13 v1.2 Abreviacoes bibliograficas (NBR10522:19
88)
) (./abntex-abrev-pt_BR.def
(./cvs-id.def)
File: abntex-abrev-pt_BR.def 2005/11/14 v1.3 definicao de abntex-abrev, traduca
o de termos en_US/pt_BR
)) (./abntex-text.sty (./cvs-id.def)
Package: abntex-text 2005/11/14 v1.1 abnTeX text replacements
 (./abntex-text-pt_BR.def
(./cvs-id.def)
File: abntex-text-pt_BR.def 2005/12/21 v1.2 Definicao de nomes em Portugues/Bra
sil (pt_BR)
)) (./abntex-default-design.sty (./cvs-id.def)
Package: abntex-default-design 2005/06/22 v1.2 Definicoes de design padrao do a
bntex

(d:/texlive/2017/texmf-dist/tex/latex/relsize/relsize.sty
Package: relsize 2013/03/29 ver 4.1


Package relsize Warning: Failed to get list of defined font sizes.
(relsize)                Size scaling will attempt arbitrary sizes..

)
\ABNTanapindent=\skip55
\ABNTsignwidth=\skip56
\ABNTsignthickness=\skip57
\ABNTsignskip=\skip58
) (./nbr6027-1989.def) (./nbr14724-2001.def)
(d:/texlive/2017/texmf-dist/tex/latex/base/report.cls
Document Class: report 2014/09/29 v1.4h Standard LaTeX document class
(d:/texlive/2017/texmf-dist/tex/latex/base/size12.clo
File: size12.clo 2014/09/29 v1.4h Standard LaTeX file (size option)
)
\c@part=\count94
\c@chapter=\count95
\c@section=\count96
\c@subsection=\count97
\c@subsubsection=\count98
\c@paragraph=\count99
\c@subparagraph=\count100
\c@figure=\count101
\c@table=\count102
\abovecaptionskip=\skip59
\belowcaptionskip=\skip60
\bibindent=\dimen114
)
(d:/texlive/2017/texmf-dist/tex/latex/setspace/setspace.sty
Package: setspace 2011/12/19 v6.7a set line spacing
)
(d:/texlive/2017/texmf-dist/tex/latex/psnfss/mathptmx.sty
Package: mathptmx 2005/04/12 PSNFSS-v9.2a Times w/ Math, improved (SPQR, WaS) 
LaTeX Font Info:    Redeclaring symbol font `operators' on input line 28.
LaTeX Font Info:    Overwriting symbol font `operators' in version `normal'
(Font)                  OT1/cmr/m/n --> OT1/ztmcm/m/n on input line 28.
LaTeX Font Info:    Overwriting symbol font `operators' in version `bold'
(Font)                  OT1/cmr/bx/n --> OT1/ztmcm/m/n on input line 28.
LaTeX Font Info:    Redeclaring symbol font `letters' on input line 29.
LaTeX Font Info:    Overwriting symbol font `letters' in version `normal'
(Font)                  OML/cmm/m/it --> OML/ztmcm/m/it on input line 29.
LaTeX Font Info:    Overwriting symbol font `letters' in version `bold'
(Font)                  OML/cmm/b/it --> OML/ztmcm/m/it on input line 29.
LaTeX Font Info:    Redeclaring symbol font `symbols' on input line 30.
LaTeX Font Info:    Overwriting symbol font `symbols' in version `normal'
(Font)                  OMS/cmsy/m/n --> OMS/ztmcm/m/n on input line 30.
LaTeX Font Info:    Overwriting symbol font `symbols' in version `bold'
(Font)                  OMS/cmsy/b/n --> OMS/ztmcm/m/n on input line 30.
LaTeX Font Info:    Redeclaring symbol font `largesymbols' on input line 31.
LaTeX Font Info:    Overwriting symbol font `largesymbols' in version `normal'
(Font)                  OMX/cmex/m/n --> OMX/ztmcm/m/n on input line 31.
LaTeX Font Info:    Overwriting symbol font `largesymbols' in version `bold'
(Font)                  OMX/cmex/m/n --> OMX/ztmcm/m/n on input line 31.
\symbold=\mathgroup4
\symitalic=\mathgroup5
LaTeX Font Info:    Redeclaring math alphabet \mathbf on input line 34.
LaTeX Font Info:    Overwriting math alphabet `\mathbf' in version `normal'
(Font)                  OT1/cmr/bx/n --> OT1/ptm/bx/n on input line 34.
LaTeX Font Info:    Overwriting math alphabet `\mathbf' in version `bold'
(Font)                  OT1/cmr/bx/n --> OT1/ptm/bx/n on input line 34.
LaTeX Font Info:    Redeclaring math alphabet \mathit on input line 35.
LaTeX Font Info:    Overwriting math alphabet `\mathit' in version `normal'
(Font)                  OT1/cmr/m/it --> OT1/ptm/m/it on input line 35.
LaTeX Font Info:    Overwriting math alphabet `\mathit' in version `bold'
(Font)                  OT1/cmr/bx/it --> OT1/ptm/m/it on input line 35.
LaTeX Info: Redefining \hbar on input line 50.
)
(d:/texlive/2017/texmf-dist/tex/latex/psnfss/helvet.sty
Package: helvet 2005/04/12 PSNFSS-v9.2a (WaS) 

(d:/texlive/2017/texmf-dist/tex/latex/graphics/keyval.sty
Package: keyval 2014/10/28 v1.15 key=value parser (DPC)
\KV@toks@=\toks16
))
(d:/texlive/2017/texmf-dist/tex/latex/tools/indentfirst.sty
Package: indentfirst 1995/11/23 v1.03 Indent first paragraph (DPC)
))
\c@absfigure=\count103
\c@abstable=\count104
\c@absequation=\count105
) (./abntcite.sty
(./cvs-id.def)
Package: abntcite 2006/04/25 v1.30 Chamadas de referencias no texto (NBR10520, 
NBR10522)
\minimumbiblabelwidth=\skip61
\ABCIauxlen=\skip62
\c@ABCIaux=\count106
\c@ABCImax=\count107
 (./nbr10520-2002.def (./cvs-id.def)
File: nbr10520-2002.def 2006/04/25 v1.4 Definicoes para abntcite (NBR10520:2002
)
)
\biblabelsep=\skip63
LaTeX Info: Redefining \newblock on input line 466.
LaTeX Info: Redefining \cite on input line 493.
\ABCItoken=\toks17
)
(d:/texlive/2017/texmf-dist/tex/latex/tools/longtable.sty
Package: longtable 2014/10/28 v4.11 Multi-page Table package (DPC)
\LTleft=\skip64
\LTright=\skip65
\LTpre=\skip66
\LTpost=\skip67
\LTchunksize=\count108
\LTcapwidth=\dimen115
\LT@head=\box52
\LT@firsthead=\box53
\LT@foot=\box54
\LT@lastfoot=\box55
\LT@cols=\count109
\LT@rows=\count110
\c@LT@tables=\count111
\c@LT@chunks=\count112
\LT@p@ftn=\toks18
)
(d:/texlive/2017/texmf-dist/tex/latex/amsmath/amsmath.sty
Package: amsmath 2017/09/02 v2.17a AMS math features
\@mathmargin=\skip68

For additional information on amsmath, use the `?' option.
(d:/texlive/2017/texmf-dist/tex/latex/amsmath/amstext.sty
Package: amstext 2000/06/29 v2.01 AMS text

(d:/texlive/2017/texmf-dist/tex/latex/amsmath/amsgen.sty
File: amsgen.sty 1999/11/30 v2.0 generic functions
\@emptytoks=\toks19
\ex@=\dimen116
))
(d:/texlive/2017/texmf-dist/tex/latex/amsmath/amsbsy.sty
Package: amsbsy 1999/11/29 v1.2d Bold Symbols
\pmbraise@=\dimen117
)
(d:/texlive/2017/texmf-dist/tex/latex/amsmath/amsopn.sty
Package: amsopn 2016/03/08 v2.02 operator names
)
\inf@bad=\count113
LaTeX Info: Redefining \frac on input line 213.
\uproot@=\count114
\leftroot@=\count115
LaTeX Info: Redefining \overline on input line 375.
\classnum@=\count116
\DOTSCASE@=\count117
LaTeX Info: Redefining \ldots on input line 472.
LaTeX Info: Redefining \dots on input line 475.
LaTeX Info: Redefining \cdots on input line 596.
\Mathstrutbox@=\box56
\strutbox@=\box57
\big@size=\dimen118
LaTeX Font Info:    Redeclaring font encoding OML on input line 712.
LaTeX Font Info:    Redeclaring font encoding OMS on input line 713.
\macc@depth=\count118
\c@MaxMatrixCols=\count119
\dotsspace@=\muskip10
\c@parentequation=\count120
\dspbrk@lvl=\count121
\tag@help=\toks20
\row@=\count122
\column@=\count123
\maxfields@=\count124
\andhelp@=\toks21
\eqnshift@=\dimen119
\alignsep@=\dimen120
\tagshift@=\dimen121
\tagwidth@=\dimen122
\totwidth@=\dimen123
\lineht@=\dimen124
\@envbody=\toks22
\multlinegap=\skip69
\multlinetaggap=\skip70
\mathdisplay@stack=\toks23
LaTeX Info: Redefining \[ on input line 2817.
LaTeX Info: Redefining \] on input line 2818.
)
(d:/texlive/2017/texmf-dist/tex/latex/amsfonts/amsfonts.sty
Package: amsfonts 2013/01/14 v3.01 Basic AMSFonts support
\symAMSa=\mathgroup6
\symAMSb=\mathgroup7
LaTeX Font Info:    Overwriting math alphabet `\mathfrak' in version `bold'
(Font)                  U/euf/m/n --> U/euf/b/n on input line 106.
)
(d:/texlive/2017/texmf-dist/tex/latex/amsfonts/amssymb.sty
Package: amssymb 2013/01/14 v3.01 AMS font symbols
)
(d:/texlive/2017/texmf-dist/tex/latex/graphics/graphicx.sty
Package: graphicx 2017/06/01 v1.1a Enhanced LaTeX Graphics (DPC,SPQR)

(d:/texlive/2017/texmf-dist/tex/latex/graphics/graphics.sty
Package: graphics 2017/06/25 v1.2c Standard LaTeX Graphics (DPC,SPQR)

(d:/texlive/2017/texmf-dist/tex/latex/graphics/trig.sty
Package: trig 2016/01/03 v1.10 sin cos tan (DPC)
)
(d:/texlive/2017/texmf-dist/tex/latex/graphics-cfg/graphics.cfg
File: graphics.cfg 2016/06/04 v1.11 sample graphics configuration
)
Package graphics Info: Driver file: pdftex.def on input line 99.
)
\Gin@req@height=\dimen125
\Gin@req@width=\dimen126
)
(d:/texlive/2017/texmf-dist/tex/latex/psnfss/times.sty
Package: times 2005/04/12 PSNFSS-v9.2a (SPQR) 
)
(d:/texlive/2017/texmf-dist/tex/latex/listings/listings.sty
\lst@mode=\count125
\lst@gtempboxa=\box58
\lst@token=\toks24
\lst@length=\count126
\lst@currlwidth=\dimen127
\lst@column=\count127
\lst@pos=\count128
\lst@lostspace=\dimen128
\lst@width=\dimen129
\lst@newlines=\count129
\lst@lineno=\count130
\lst@maxwidth=\dimen130

(d:/texlive/2017/texmf-dist/tex/latex/listings/lstmisc.sty
File: lstmisc.sty 2015/06/04 1.6 (Carsten Heinz)
\c@lstnumber=\count131
\lst@skipnumbers=\count132
\lst@framebox=\box59
)
(d:/texlive/2017/texmf-dist/tex/latex/listings/listings.cfg
File: listings.cfg 2015/06/04 1.6 listings configuration
))
Package: listings 2015/06/04 1.6 (Carsten Heinz)

(./modelo_utfpr.aux (./Capitulos/capitulo1.aux) (./Capitulos/capitulo2.aux)
(./Capitulos/capitulo3.aux))
\openout1 = `modelo_utfpr.aux'.

LaTeX Font Info:    Checking defaults for OML/cmm/m/it on input line 72.
LaTeX Font Info:    ... okay on input line 72.
LaTeX Font Info:    Checking defaults for T1/cmr/m/n on input line 72.
LaTeX Font Info:    ... okay on input line 72.
LaTeX Font Info:    Checking defaults for OT1/cmr/m/n on input line 72.
LaTeX Font Info:    ... okay on input line 72.
LaTeX Font Info:    Checking defaults for OMS/cmsy/m/n on input line 72.
LaTeX Font Info:    ... okay on input line 72.
LaTeX Font Info:    Checking defaults for OMX/cmex/m/n on input line 72.
LaTeX Font Info:    ... okay on input line 72.
LaTeX Font Info:    Checking defaults for U/cmr/m/n on input line 72.
LaTeX Font Info:    ... okay on input line 72.
LaTeX Font Info:    Try loading font information for OT1+ptm on input line 72.

(d:/texlive/2017/texmf-dist/tex/latex/psnfss/ot1ptm.fd
File: ot1ptm.fd 2001/06/04 font definitions for OT1/ptm.
)
Package lastpage Info: Please have a look at the pageslts package at
(lastpage)             https://www.ctan.org/pkg/pageslts
(lastpage)             ! on input line 72.

(d:/texlive/2017/texmf-dist/tex/context/base/mkii/supp-pdf.mkii
[Loading MPS to PDF converter (version 2006.09.02).]
\scratchcounter=\count133
\scratchdimen=\dimen131
\scratchbox=\box60
\nofMPsegments=\count134
\nofMParguments=\count135
\everyMPshowfont=\toks25
\MPscratchCnt=\count136
\MPscratchDim=\dimen132
\MPnumerator=\count137
\makeMPintoPDFobject=\count138
\everyMPtoPDFconversion=\toks26
) (d:/texlive/2017/texmf-dist/tex/latex/oberdiek/epstopdf-base.sty
Package: epstopdf-base 2016/05/15 v2.6 Base part for package epstopdf

(d:/texlive/2017/texmf-dist/tex/generic/oberdiek/infwarerr.sty
Package: infwarerr 2016/05/16 v1.4 Providing info/warning/error messages (HO)
)
(d:/texlive/2017/texmf-dist/tex/latex/oberdiek/grfext.sty
Package: grfext 2016/05/16 v1.2 Manage graphics extensions (HO)

(d:/texlive/2017/texmf-dist/tex/generic/oberdiek/kvdefinekeys.sty
Package: kvdefinekeys 2016/05/16 v1.4 Define keys (HO)

(d:/texlive/2017/texmf-dist/tex/generic/oberdiek/ltxcmds.sty
Package: ltxcmds 2016/05/16 v1.23 LaTeX kernel commands for general use (HO)
)))
(d:/texlive/2017/texmf-dist/tex/latex/oberdiek/kvoptions.sty
Package: kvoptions 2016/05/16 v3.12 Key value format for package options (HO)

(d:/texlive/2017/texmf-dist/tex/generic/oberdiek/kvsetkeys.sty
Package: kvsetkeys 2016/05/16 v1.17 Key value parser (HO)

(d:/texlive/2017/texmf-dist/tex/generic/oberdiek/etexcmds.sty
Package: etexcmds 2016/05/16 v1.6 Avoid name clashes with e-TeX commands (HO)

(d:/texlive/2017/texmf-dist/tex/generic/oberdiek/ifluatex.sty
Package: ifluatex 2016/05/16 v1.4 Provides the ifluatex switch (HO)
Package ifluatex Info: LuaTeX not detected.
)
Package etexcmds Info: Could not find \expanded.
(etexcmds)             That can mean that you are not using pdfTeX 1.50 or
(etexcmds)             that some package has redefined \expanded.
(etexcmds)             In the latter case, load this package earlier.
)))
(d:/texlive/2017/texmf-dist/tex/generic/oberdiek/pdftexcmds.sty
Package: pdftexcmds 2018/01/21 v0.26 Utility functions of pdfTeX for LuaTeX (HO
)

(d:/texlive/2017/texmf-dist/tex/generic/oberdiek/ifpdf.sty
Package: ifpdf 2017/03/15 v3.2 Provides the ifpdf switch
)
Package pdftexcmds Info: LuaTeX not detected.
Package pdftexcmds Info: \pdf@primitive is available.
Package pdftexcmds Info: \pdf@ifprimitive is available.
Package pdftexcmds Info: \pdfdraftmode found.
)
Package epstopdf-base Info: Redefining graphics rule for `.eps' on input line 4
38.
Package grfext Info: Graphics extension search list:
(grfext)             [.pdf,.png,.jpg,.mps,.jpeg,.jbig2,.jb2,.PDF,.PNG,.JPG,.JPE
G,.JBIG2,.JB2,.eps]
(grfext)             \AppendGraphicsExtensions on input line 456.

(d:/texlive/2017/texmf-dist/tex/latex/latexconfig/epstopdf-sys.cfg
File: epstopdf-sys.cfg 2010/07/13 v1.3 Configuration of (r)epstopdf for TeX Liv
e
))
\c@lstlisting=\count139
LaTeX Font Info:    Font shape `OT1/ptm/bx/n' in size <14.4> not available
(Font)              Font shape `OT1/ptm/b/n' tried instead on input line 74.
LaTeX Font Info:    Try loading font information for OT1+ztmcm on input line 74
.

(d:/texlive/2017/texmf-dist/tex/latex/psnfss/ot1ztmcm.fd
File: ot1ztmcm.fd 2000/01/03 Fontinst v1.801 font definitions for OT1/ztmcm.
)
LaTeX Font Info:    Try loading font information for OML+ztmcm on input line 74
.

(d:/texlive/2017/texmf-dist/tex/latex/psnfss/omlztmcm.fd
File: omlztmcm.fd 2000/01/03 Fontinst v1.801 font definitions for OML/ztmcm.
)
LaTeX Font Info:    Try loading font information for OMS+ztmcm on input line 74
.

(d:/texlive/2017/texmf-dist/tex/latex/psnfss/omsztmcm.fd
File: omsztmcm.fd 2000/01/03 Fontinst v1.801 font definitions for OMS/ztmcm.
)
LaTeX Font Info:    Try loading font information for OMX+ztmcm on input line 74
.

(d:/texlive/2017/texmf-dist/tex/latex/psnfss/omxztmcm.fd
File: omxztmcm.fd 2000/01/03 Fontinst v1.801 font definitions for OMX/ztmcm.
)
LaTeX Font Info:    Font shape `OT1/ptm/bx/n' in size <12> not available
(Font)              Font shape `OT1/ptm/b/n' tried instead on input line 74.
LaTeX Font Info:    Font shape `OT1/ptm/bx/n' in size <9> not available
(Font)              Font shape `OT1/ptm/b/n' tried instead on input line 74.
LaTeX Font Info:    Font shape `OT1/ptm/bx/n' in size <7> not available
(Font)              Font shape `OT1/ptm/b/n' tried instead on input line 74.
 [1

{d:/texlive/2017/texmf-var/fonts/map/pdftex/updmap/pdftex.map}] [1] [1


] (./modelo_utfpr.toc)
\tf@toc=\write3
\openout3 = `modelo_utfpr.toc'.


[2


]
\openout2 = `./Capitulos/capitulo1.aux'.

 (./Capitulos/capitulo1.tex
Cap\'{\i }tulo 1.
LaTeX Font Info:    Try loading font information for OMS+ptm on input line 16.
(d:/texlive/2017/texmf-dist/tex/latex/psnfss/omsptm.fd
File: omsptm.fd 
)
LaTeX Font Info:    Font shape `OMS/ptm/m/n' in size <12> not available
(Font)              Font shape `OMS/cmsy/m/n' tried instead on input line 16.
 [4



]) [5]
\openout2 = `./Capitulos/capitulo2.aux'.


(./Capitulos/capitulo2.tex
Cap\'{\i }tulo 2.

Overfull \hbox (16.41835pt too wide) in paragraph at lines 5--6
[]\OT1/ptm/m/n/12 Neste ca-pi-tulo ser[]a apre-sen-tado as tec-no-lo-gias uti-l
i-za-das no de-sen-vol-vi-mento da aplica[][]ao.
 []

[6



]
Overfull \hbox (14.07808pt too wide) in paragraph at lines 37--38
[]\OT1/ptm/m/n/12 Existem tr[]es gru-pos de aplica[][]oes m[]oveis: aplica[][]o
es na-ti-vas, aplica[][]oes \OT1/ptm/m/it/12 Web \OT1/ptm/m/n/12 e aplica[][]oe
s
 []

[7]
Overfull \hbox (6.3775pt too wide) in paragraph at lines 61--62
[]\OT1/ptm/m/n/12 Semelhante a apli-ca-ti-vos: Ne-cess[]ario que se pare[]a com
 apli-ca-ti-vos na-ti-vos, com intera[][]oes
 []

[8]
LaTeX Font Info:    Font shape `OT1/ptm/bx/n' in size <10.95> not available
(Font)              Font shape `OT1/ptm/b/n' tried instead on input line 88.
LaTeX Font Info:    Font shape `OT1/ptm/bx/n' in size <8> not available
(Font)              Font shape `OT1/ptm/b/n' tried instead on input line 88.
LaTeX Font Info:    Font shape `OT1/ptm/bx/n' in size <6> not available
(Font)              Font shape `OT1/ptm/b/n' tried instead on input line 88.
LaTeX Font Info:    Calculating math sizes for size <10.00002> on input line 90
.
LaTeX Font Info:    Font shape `OT1/ptm/bx/n' in size <10.00002> not available
(Font)              Font shape `OT1/ptm/b/n' tried instead on input line 90.
LaTeX Font Info:    Font shape `OT1/ptm/bx/n' in size <7.40005> not available
(Font)              Font shape `OT1/ptm/b/n' tried instead on input line 90.
LaTeX Font Info:    Font shape `OT1/ptm/bx/n' in size <6.00006> not available
(Font)              Font shape `OT1/ptm/b/n' tried instead on input line 90.
LaTeX Font Info:    Font shape `OMS/ptm/m/n' in size <10.00002> not available
(Font)              Font shape `OMS/cmsy/m/n' tried instead on input line 99.
 [9]
LaTeX Font Info:    Try loading font information for OML+ptm on input line 131.

 (d:/texlive/2017/texmf-dist/tex/latex/psnfss/omlptm.fd
File: omlptm.fd 
)
LaTeX Font Info:    Font shape `OML/ptm/m/n' in size <10.00002> not available
(Font)              Font shape `OML/cmm/m/it' tried instead on input line 131.
<./figuras/suporteSW.png, id=38, 934.99312pt x 215.30438pt>
File: ./figuras/suporteSW.png Graphic file (type png)
<use ./figuras/suporteSW.png>
Package pdftex.def Info: ./figuras/suporteSW.png  used on input line 150.
(pdftex.def)             Requested size: 426.79214pt x 156.49411pt.
LaTeX Font Info:    Font shape `OT1/ptm/bx/it' in size <10.95> not available
(Font)              Font shape `OT1/ptm/b/it' tried instead on input line 151.
 [10] [11 <./figuras/suporteSW.png>] [12] [13]
Overfull \hbox (2.43825pt too wide) in paragraph at lines 268--269
[]\OT1/ptm/m/n/12 O \OT1/ptm/m/it/12 Mo-del []\OT1/ptm/m/n/12 e o res-pons[]ave
l manipula[][]ao de da-dos, re-a-li-zando a lei-tura, es-crita e valida[][]ao.
 []

<./figuras/mvc.png, id=56, 523.9575pt x 408.02437pt>
File: ./figuras/mvc.png Graphic file (type png)
<use ./figuras/mvc.png>
Package pdftex.def Info: ./figuras/mvc.png  used on input line 273.
(pdftex.def)             Requested size: 328.84776pt x 256.0748pt.
[14] [15 <./figuras/mvc.png>] [16]
<./figuras/trivago.png, id=67, 1084.05pt x 1927.2pt>
File: ./figuras/trivago.png Graphic file (type png)
<use ./figuras/trivago.png>
Package pdftex.def Info: ./figuras/trivago.png  used on input line 328.
(pdftex.def)             Requested size: 144.0412pt x 256.0748pt.
 [17 <./figuras/trivago.png>]) [18]
\openout2 = `./Capitulos/capitulo3.aux'.


(./Capitulos/capitulo3.tex
Cap\'{\i }tulo 3.
<./figuras/prototipo.png, id=75, 406.51875pt x 718.93594pt>
File: ./figuras/prototipo.png Graphic file (type png)
<use ./figuras/prototipo.png>
Package pdftex.def Info: ./figuras/prototipo.png  used on input line 14.
(pdftex.def)             Requested size: 128.70538pt x 227.62204pt.
[19



 <./figuras/prototipo.png>]
<./figuras/prototipoMenu.png, id=80, 293.59688pt x 519.44063pt>
File: ./figuras/prototipoMenu.png Graphic file (type png)
<use ./figuras/prototipoMenu.png>
Package pdftex.def Info: ./figuras/prototipoMenu.png  used on input line 25.
(pdftex.def)             Requested size: 128.65439pt x 227.62204pt.
<./figuras/prototipoAdd.png, id=81, 330.48468pt x 584.93532pt>
File: ./figuras/prototipoAdd.png Graphic file (type png)
<use ./figuras/prototipoAdd.png>
Package pdftex.def Info: ./figuras/prototipoAdd.png  used on input line 34.
(pdftex.def)             Requested size: 128.60611pt x 227.62204pt.
<./figuras/UseCase.png, id=82, 593.96906pt x 353.06906pt>
File: ./figuras/UseCase.png Graphic file (type png)
<use ./figuras/UseCase.png>
Package pdftex.def Info: ./figuras/UseCase.png  used on input line 45.
(pdftex.def)             Requested size: 382.93037pt x 227.62204pt.
 [20 <./figuras/prototipoMenu.png>] [21 <./figuras/prototipoAdd.png> <./figuras
/UseCase.png>]
<./figuras/incremental.png, id=92, 313.9228pt x 150.5625pt>
File: ./figuras/incremental.png Graphic file (type png)
<use ./figuras/incremental.png>
Package pdftex.def Info: ./figuras/incremental.png  used on input line 63.
(pdftex.def)             Requested size: 474.63844pt x 227.62204pt.

Overfull \hbox (19.39433pt too wide) in paragraph at lines 63--64
 [][] 
 []

[22 <./figuras/incremental.png>]
<./figuras/cronograma2.png, id=97, 640.64343pt x 353.06906pt>
File: ./figuras/cronograma2.png Graphic file (type png)
<use ./figuras/cronograma2.png>
Package pdftex.def Info: ./figuras/cronograma2.png  used on input line 101.
(pdftex.def)             Requested size: 413.02122pt x 227.62204pt.
 [23 <./figuras/cronograma2.png>]
Cap\'{\i }tulo 4.
) [24

] (./modelo_utfpr.bbl
Underfull \hbox (badness 6775) in paragraph at lines 10--14
[]\OT1/ptm/m/n/12 ANALYTICS, G. \OT1/ptm/b/n/12 Acom-pa-nha-mento de apli-ca-ti
vo de p[]agina []unica\OT1/ptm/m/n/12 . 2018. Dis-
 []


Underfull \hbox (badness 10000) in paragraph at lines 22--25
[]\OT1/ptm/m/n/12 ARCHIBALD, J. \OT1/ptm/b/n/12 In-tro-du-cing Back-ground Sync
\OT1/ptm/m/n/12 . 2018. Dis-pon[]^^Pvel em:
 []


Underfull \hbox (badness 10000) in paragraph at lines 40--42
[]\OT1/ptm/m/n/12 DEVELOPERS, G. \OT1/ptm/b/n/12 MVC Ar-chi-tec-ture\OT1/ptm/m/
n/12 . 2017. Dis-pon[]^^Pvel em:
 []


Underfull \hbox (badness 10000) in paragraph at lines 45--48
[]\OT1/ptm/m/n/12 DEVELOPERS, G. \OT1/ptm/b/n/12 Pro-gres-sive Web Apps\OT1/ptm
/m/n/12 . 2018. Dis-pon[]^^Pvel em:
 []


Underfull \hbox (badness 10000) in paragraph at lines 56--59
[]\OT1/ptm/m/n/12 FACEBOOK. \OT1/ptm/b/n/12 Cria[][]ao e edi[][]ao de even-tos\
OT1/ptm/m/n/12 . 2018. Dis-pon[]^^Pvel em:
 []


Underfull \hbox (badness 10000) in paragraph at lines 70--73
[]\OT1/ptm/m/n/12 GAUNT, M. \OT1/ptm/b/n/12 Ser-vice Wor-kers: uma Introdu[][]a
o\OT1/ptm/m/n/12 . 2018. Dis-pon[]^^Pvel em:
 []


Underfull \hbox (badness 3386) in paragraph at lines 81--83
[]\OT1/ptm/m/n/12 HOOTSUITE. \OT1/ptm/b/n/12 Ac-tive users of key glo-bal so-ci
al plat-forms\OT1/ptm/m/n/12 . 2018. Dis-pon[]^^Pvel em:
 []


Underfull \hbox (badness 10000) in paragraph at lines 104--107
[]\OT1/ptm/m/n/12 KINLAN, M. G. P. \OT1/ptm/b/n/12 O ma-ni-festo do apli-ca-tiv
o web\OT1/ptm/m/n/12 . 2018. Dis-pon[]^^Pvel em:
 []

[25


]
Underfull \hbox (badness 1590) in paragraph at lines 121--124
[]\OT1/ptm/m/n/12 MICROSOFTBLOG. \OT1/ptm/b/n/12 iOS da Ap-ple ga-nha su-porte 
aos PWA\OT1/ptm/m/n/12 . 2018. Dis-pon[]^^Pvel em:
 []


Underfull \hbox (badness 6758) in paragraph at lines 142--145
[]\OT1/ptm/m/n/12 UFF. \OT1/ptm/b/n/12 Como di-vul-gar os even-tos da mi-nha un
i-dade? \OT1/ptm/m/n/12 2018. Dis-pon[]^^Pvel em:
 []


Underfull \hbox (badness 10000) in paragraph at lines 148--150
[]\OT1/ptm/m/n/12 USE, C. I. \OT1/ptm/b/n/12 Ser-vice Wor-kers\OT1/ptm/m/n/12 .
 2018. Dis-pon[]^^Pvel em:
 []


Underfull \hbox (badness 10000) in paragraph at lines 153--155
[]\OT1/ptm/m/n/12 W3C. \OT1/ptm/b/n/12 Cas-ca-ding Style She-ets\OT1/ptm/m/n/12
 . 2018. Dis-pon[]^^Pvel em:
 []


Overfull \hbox (33.00679pt too wide) in paragraph at lines 158--161
[]\OT1/ptm/m/n/12 W3C. \OT1/ptm/b/n/12 HTML 5.2\OT1/ptm/m/n/12 . 2018. Dis-pon[
]^^Pvel em: $\OML/ztmcm/m/it/12 <$\OT1/ptm/m/n/12 https://www.w3.org/TR/html52/
introduction.html#scope$\OML/ztmcm/m/it/12 >$\OT1/ptm/m/n/12 . 
 []

) 
AED: lastpage setting LastPage
[26]
+-------------------------------------------------------------------+
| Comentario, sugestao ou critica sobre o abnTeX? Entre em contato: |
|                  http://abntex.codigolivre.org.br                 |
+-------------------------------------------------------------------+
(./modelo_utfpr.aux (./Capitulos/capitulo1.aux) (./Capitulos/capitulo2.aux)
(./Capitulos/capitulo3.aux)) ) 
Here is how much of TeX's memory you used:
 6761 strings out of 492982
 91149 string characters out of 6136225
 182056 words of memory out of 5000000
 10095 multiletter control sequences out of 15000+600000
 46682 words of font info for 108 fonts, out of 8000000 for 9000
 1141 hyphenation exceptions out of 8191
 41i,8n,45p,1002b,1675s stack positions out of 5000i,500n,10000p,200000b,80000s
{d:/texlive/2017/texmf-dist/fonts/enc/dvips/base/
8r.enc}<d:/texlive/2017/texmf-dist/fonts/type1/public/amsfonts/cm/cmmi10.pfb><d
:/texlive/2017/texmf-dist/fonts/type1/public/amsfonts/cm/cmsy10.pfb><d:/texlive
/2017/texmf-dist/fonts/type1/urw/times/utmb8a.pfb><d:/texlive/2017/texmf-dist/f
onts/type1/urw/times/utmbi8a.pfb><d:/texlive/2017/texmf-dist/fonts/type1/urw/ti
mes/utmr8a.pfb><d:/texlive/2017/texmf-dist/fonts/type1/urw/times/utmri8a.pfb>
Output written on modelo_utfpr.pdf (27 pages, 437315 bytes).
PDF statistics:
 133 PDF objects out of 1000 (max. 8388607)
 81 compressed objects within 1 object stream
 0 named destinations out of 1000 (max. 500000)
 46 words of extra memory for PDF output out of 10000 (max. 10000000)

